[2023-08-13 20:59:51] local.ERROR: Class 'Facade\Ignition\IgnitionServiceProvider' not found {"exception":"[object] (Error(code: 0): Class 'Facade\\Ignition\\IgnitionServiceProvider' not found at /var/www/vhosts/jalda.kz/almatythinks.kz/vendor/laravel/framework/src/Illuminate/Foundation/Application.php:745)
[stacktrace]
#0 /var/www/vhosts/jalda.kz/almatythinks.kz/vendor/laravel/framework/src/Illuminate/Foundation/Application.php(679): Illuminate\\Foundation\\Application->resolveProvider('Facade\\\\Ignition...')
#1 /var/www/vhosts/jalda.kz/almatythinks.kz/vendor/laravel/framework/src/Illuminate/Foundation/ProviderRepository.php(75): Illuminate\\Foundation\\Application->register('Facade\\\\Ignition...')
#2 /var/www/vhosts/jalda.kz/almatythinks.kz/vendor/laravel/framework/src/Illuminate/Foundation/Application.php(659): Illuminate\\Foundation\\ProviderRepository->load(Array)
#3 /var/www/vhosts/jalda.kz/almatythinks.kz/vendor/laravel/framework/src/Illuminate/Foundation/Bootstrap/RegisterProviders.php(17): Illuminate\\Foundation\\Application->registerConfiguredProviders()
#4 /var/www/vhosts/jalda.kz/almatythinks.kz/vendor/laravel/framework/src/Illuminate/Foundation/Application.php(237): Illuminate\\Foundation\\Bootstrap\\RegisterProviders->bootstrap(Object(Illuminate\\Foundation\\Application))
#5 /var/www/vhosts/jalda.kz/almatythinks.kz/vendor/laravel/framework/src/Illuminate/Foundation/Http/Kernel.php(153): Illuminate\\Foundation\\Application->bootstrapWith(Array)
#6 /var/www/vhosts/jalda.kz/almatythinks.kz/vendor/laravel/framework/src/Illuminate/Foundation/Http/Kernel.php(137): Illuminate\\Foundation\\Http\\Kernel->bootstrap()
#7 /var/www/vhosts/jalda.kz/almatythinks.kz/vendor/laravel/framework/src/Illuminate/Foundation/Http/Kernel.php(111): Illuminate\\Foundation\\Http\\Kernel->sendRequestThroughRouter(Object(Illuminate\\Http\\Request))
#8 /var/www/vhosts/jalda.kz/almatythinks.kz/public/index.php(55): Illuminate\\Foundation\\Http\\Kernel->handle(Object(Illuminate\\Http\\Request))
#9 {main}
"} 
[2023-08-13 20:59:52] local.ERROR: Class 'Fideloper\Proxy\TrustProxies' not found {"exception":"[object] (Error(code: 0): Class 'Fideloper\\Proxy\\TrustProxies' not found at /var/www/vhosts/jalda.kz/almatythinks.kz/app/Http/Middleware/TrustProxies.php:8)
[stacktrace]
#0 /var/www/vhosts/jalda.kz/almatythinks.kz/vendor/composer/ClassLoader.php(576): include()
#1 /var/www/vhosts/jalda.kz/almatythinks.kz/vendor/composer/ClassLoader.php(427): Composer\\Autoload\\{closure}('/var/www/vhosts...')
#2 [internal function]: Composer\\Autoload\\ClassLoader->loadClass('App\\\\Http\\\\Middle...')
#3 [internal function]: spl_autoload_call('App\\\\Http\\\\Middle...')
#4 /var/www/vhosts/jalda.kz/almatythinks.kz/vendor/laravel/framework/src/Illuminate/Container/Container.php(877): ReflectionClass->__construct('App\\\\Http\\\\Middle...')
#5 /var/www/vhosts/jalda.kz/almatythinks.kz/vendor/laravel/framework/src/Illuminate/Container/Container.php(758): Illuminate\\Container\\Container->build('App\\\\Http\\\\Middle...')
#6 /var/www/vhosts/jalda.kz/almatythinks.kz/vendor/laravel/framework/src/Illuminate/Foundation/Application.php(851): Illuminate\\Container\\Container->resolve('App\\\\Http\\\\Middle...', Array, true)
#7 /var/www/vhosts/jalda.kz/almatythinks.kz/vendor/laravel/framework/src/Illuminate/Container/Container.php(694): Illuminate\\Foundation\\Application->resolve('App\\\\Http\\\\Middle...', Array)
#8 /var/www/vhosts/jalda.kz/almatythinks.kz/vendor/laravel/framework/src/Illuminate/Foundation/Application.php(836): Illuminate\\Container\\Container->make('App\\\\Http\\\\Middle...', Array)
#9 /var/www/vhosts/jalda.kz/almatythinks.kz/vendor/laravel/framework/src/Illuminate/Foundation/Http/Kernel.php(206): Illuminate\\Foundation\\Application->make('App\\\\Http\\\\Middle...')
#10 /var/www/vhosts/jalda.kz/almatythinks.kz/vendor/laravel/framework/src/Illuminate/Foundation/Http/Kernel.php(180): Illuminate\\Foundation\\Http\\Kernel->terminateMiddleware(Object(Illuminate\\Http\\Request), Object(Illuminate\\Http\\Response))
#11 /var/www/vhosts/jalda.kz/almatythinks.kz/public/index.php(60): Illuminate\\Foundation\\Http\\Kernel->terminate(Object(Illuminate\\Http\\Request), Object(Illuminate\\Http\\Response))
#12 {main}
"} 
[2023-08-13 21:05:51] local.ERROR: Class 'Facade\Ignition\IgnitionServiceProvider' not found {"exception":"[object] (Error(code: 0): Class 'Facade\\Ignition\\IgnitionServiceProvider' not found at /var/www/vhosts/jalda.kz/almatythinks.kz/vendor/laravel/framework/src/Illuminate/Foundation/Application.php:745)
[stacktrace]
#0 /var/www/vhosts/jalda.kz/almatythinks.kz/vendor/laravel/framework/src/Illuminate/Foundation/Application.php(679): Illuminate\\Foundation\\Application->resolveProvider('Facade\\\\Ignition...')
#1 /var/www/vhosts/jalda.kz/almatythinks.kz/vendor/laravel/framework/src/Illuminate/Foundation/ProviderRepository.php(75): Illuminate\\Foundation\\Application->register('Facade\\\\Ignition...')
#2 /var/www/vhosts/jalda.kz/almatythinks.kz/vendor/laravel/framework/src/Illuminate/Foundation/Application.php(659): Illuminate\\Foundation\\ProviderRepository->load(Array)
#3 /var/www/vhosts/jalda.kz/almatythinks.kz/vendor/laravel/framework/src/Illuminate/Foundation/Bootstrap/RegisterProviders.php(17): Illuminate\\Foundation\\Application->registerConfiguredProviders()
#4 /var/www/vhosts/jalda.kz/almatythinks.kz/vendor/laravel/framework/src/Illuminate/Foundation/Application.php(237): Illuminate\\Foundation\\Bootstrap\\RegisterProviders->bootstrap(Object(Illuminate\\Foundation\\Application))
#5 /var/www/vhosts/jalda.kz/almatythinks.kz/vendor/laravel/framework/src/Illuminate/Foundation/Http/Kernel.php(153): Illuminate\\Foundation\\Application->bootstrapWith(Array)
#6 /var/www/vhosts/jalda.kz/almatythinks.kz/vendor/laravel/framework/src/Illuminate/Foundation/Http/Kernel.php(137): Illuminate\\Foundation\\Http\\Kernel->bootstrap()
#7 /var/www/vhosts/jalda.kz/almatythinks.kz/vendor/laravel/framework/src/Illuminate/Foundation/Http/Kernel.php(111): Illuminate\\Foundation\\Http\\Kernel->sendRequestThroughRouter(Object(Illuminate\\Http\\Request))
#8 /var/www/vhosts/jalda.kz/almatythinks.kz/public/index.php(55): Illuminate\\Foundation\\Http\\Kernel->handle(Object(Illuminate\\Http\\Request))
#9 {main}
"} 
[2023-08-13 21:05:51] local.ERROR: Class 'Fideloper\Proxy\TrustProxies' not found {"exception":"[object] (Error(code: 0): Class 'Fideloper\\Proxy\\TrustProxies' not found at /var/www/vhosts/jalda.kz/almatythinks.kz/app/Http/Middleware/TrustProxies.php:8)
[stacktrace]
#0 /var/www/vhosts/jalda.kz/almatythinks.kz/vendor/composer/ClassLoader.php(576): include()
#1 /var/www/vhosts/jalda.kz/almatythinks.kz/vendor/composer/ClassLoader.php(427): Composer\\Autoload\\{closure}('/var/www/vhosts...')
#2 [internal function]: Composer\\Autoload\\ClassLoader->loadClass('App\\\\Http\\\\Middle...')
#3 [internal function]: spl_autoload_call('App\\\\Http\\\\Middle...')
#4 /var/www/vhosts/jalda.kz/almatythinks.kz/vendor/laravel/framework/src/Illuminate/Container/Container.php(877): ReflectionClass->__construct('App\\\\Http\\\\Middle...')
#5 /var/www/vhosts/jalda.kz/almatythinks.kz/vendor/laravel/framework/src/Illuminate/Container/Container.php(758): Illuminate\\Container\\Container->build('App\\\\Http\\\\Middle...')
#6 /var/www/vhosts/jalda.kz/almatythinks.kz/vendor/laravel/framework/src/Illuminate/Foundation/Application.php(851): Illuminate\\Container\\Container->resolve('App\\\\Http\\\\Middle...', Array, true)
#7 /var/www/vhosts/jalda.kz/almatythinks.kz/vendor/laravel/framework/src/Illuminate/Container/Container.php(694): Illuminate\\Foundation\\Application->resolve('App\\\\Http\\\\Middle...', Array)
#8 /var/www/vhosts/jalda.kz/almatythinks.kz/vendor/laravel/framework/src/Illuminate/Foundation/Application.php(836): Illuminate\\Container\\Container->make('App\\\\Http\\\\Middle...', Array)
#9 /var/www/vhosts/jalda.kz/almatythinks.kz/vendor/laravel/framework/src/Illuminate/Foundation/Http/Kernel.php(206): Illuminate\\Foundation\\Application->make('App\\\\Http\\\\Middle...')
#10 /var/www/vhosts/jalda.kz/almatythinks.kz/vendor/laravel/framework/src/Illuminate/Foundation/Http/Kernel.php(180): Illuminate\\Foundation\\Http\\Kernel->terminateMiddleware(Object(Illuminate\\Http\\Request), Object(Illuminate\\Http\\Response))
#11 /var/www/vhosts/jalda.kz/almatythinks.kz/public/index.php(60): Illuminate\\Foundation\\Http\\Kernel->terminate(Object(Illuminate\\Http\\Request), Object(Illuminate\\Http\\Response))
#12 {main}
"} 
[2023-08-13 21:05:54] local.ERROR: Class 'Facade\Ignition\IgnitionServiceProvider' not found {"exception":"[object] (Error(code: 0): Class 'Facade\\Ignition\\IgnitionServiceProvider' not found at /var/www/vhosts/jalda.kz/almatythinks.kz/vendor/laravel/framework/src/Illuminate/Foundation/Application.php:745)
[stacktrace]
#0 /var/www/vhosts/jalda.kz/almatythinks.kz/vendor/laravel/framework/src/Illuminate/Foundation/Application.php(679): Illuminate\\Foundation\\Application->resolveProvider('Facade\\\\Ignition...')
#1 /var/www/vhosts/jalda.kz/almatythinks.kz/vendor/laravel/framework/src/Illuminate/Foundation/ProviderRepository.php(75): Illuminate\\Foundation\\Application->register('Facade\\\\Ignition...')
#2 /var/www/vhosts/jalda.kz/almatythinks.kz/vendor/laravel/framework/src/Illuminate/Foundation/Application.php(659): Illuminate\\Foundation\\ProviderRepository->load(Array)
#3 /var/www/vhosts/jalda.kz/almatythinks.kz/vendor/laravel/framework/src/Illuminate/Foundation/Bootstrap/RegisterProviders.php(17): Illuminate\\Foundation\\Application->registerConfiguredProviders()
#4 /var/www/vhosts/jalda.kz/almatythinks.kz/vendor/laravel/framework/src/Illuminate/Foundation/Application.php(237): Illuminate\\Foundation\\Bootstrap\\RegisterProviders->bootstrap(Object(Illuminate\\Foundation\\Application))
#5 /var/www/vhosts/jalda.kz/almatythinks.kz/vendor/laravel/framework/src/Illuminate/Foundation/Http/Kernel.php(153): Illuminate\\Foundation\\Application->bootstrapWith(Array)
#6 /var/www/vhosts/jalda.kz/almatythinks.kz/vendor/laravel/framework/src/Illuminate/Foundation/Http/Kernel.php(137): Illuminate\\Foundation\\Http\\Kernel->bootstrap()
#7 /var/www/vhosts/jalda.kz/almatythinks.kz/vendor/laravel/framework/src/Illuminate/Foundation/Http/Kernel.php(111): Illuminate\\Foundation\\Http\\Kernel->sendRequestThroughRouter(Object(Illuminate\\Http\\Request))
#8 /var/www/vhosts/jalda.kz/almatythinks.kz/public/index.php(55): Illuminate\\Foundation\\Http\\Kernel->handle(Object(Illuminate\\Http\\Request))
#9 {main}
"} 
[2023-08-13 21:05:54] local.ERROR: Class 'Fideloper\Proxy\TrustProxies' not found {"exception":"[object] (Error(code: 0): Class 'Fideloper\\Proxy\\TrustProxies' not found at /var/www/vhosts/jalda.kz/almatythinks.kz/app/Http/Middleware/TrustProxies.php:8)
[stacktrace]
#0 /var/www/vhosts/jalda.kz/almatythinks.kz/vendor/composer/ClassLoader.php(576): include()
#1 /var/www/vhosts/jalda.kz/almatythinks.kz/vendor/composer/ClassLoader.php(427): Composer\\Autoload\\{closure}('/var/www/vhosts...')
#2 [internal function]: Composer\\Autoload\\ClassLoader->loadClass('App\\\\Http\\\\Middle...')
#3 [internal function]: spl_autoload_call('App\\\\Http\\\\Middle...')
#4 /var/www/vhosts/jalda.kz/almatythinks.kz/vendor/laravel/framework/src/Illuminate/Container/Container.php(877): ReflectionClass->__construct('App\\\\Http\\\\Middle...')
#5 /var/www/vhosts/jalda.kz/almatythinks.kz/vendor/laravel/framework/src/Illuminate/Container/Container.php(758): Illuminate\\Container\\Container->build('App\\\\Http\\\\Middle...')
#6 /var/www/vhosts/jalda.kz/almatythinks.kz/vendor/laravel/framework/src/Illuminate/Foundation/Application.php(851): Illuminate\\Container\\Container->resolve('App\\\\Http\\\\Middle...', Array, true)
#7 /var/www/vhosts/jalda.kz/almatythinks.kz/vendor/laravel/framework/src/Illuminate/Container/Container.php(694): Illuminate\\Foundation\\Application->resolve('App\\\\Http\\\\Middle...', Array)
#8 /var/www/vhosts/jalda.kz/almatythinks.kz/vendor/laravel/framework/src/Illuminate/Foundation/Application.php(836): Illuminate\\Container\\Container->make('App\\\\Http\\\\Middle...', Array)
#9 /var/www/vhosts/jalda.kz/almatythinks.kz/vendor/laravel/framework/src/Illuminate/Foundation/Http/Kernel.php(206): Illuminate\\Foundation\\Application->make('App\\\\Http\\\\Middle...')
#10 /var/www/vhosts/jalda.kz/almatythinks.kz/vendor/laravel/framework/src/Illuminate/Foundation/Http/Kernel.php(180): Illuminate\\Foundation\\Http\\Kernel->terminateMiddleware(Object(Illuminate\\Http\\Request), Object(Illuminate\\Http\\Response))
#11 /var/www/vhosts/jalda.kz/almatythinks.kz/public/index.php(60): Illuminate\\Foundation\\Http\\Kernel->terminate(Object(Illuminate\\Http\\Request), Object(Illuminate\\Http\\Response))
#12 {main}
"} 
